<?xml version="1.0" encoding="UTF-8"?>
<!-- Generated by org.testng.reporters.JUnitReportReporter -->
<testsuite skipped="0" hostname="DESKTOP-1KSBJRO" name="com.testng.DependsOnMethodsDemo" tests="3" failures="0" timestamp="30 May 2018 17:59:25 GMT" time="0.000" errors="0">
  <testcase name="gmain" time="0.000" classname="com.testng.DependsOnMethodsDemo"/>
  <testcase name="bmain" time="0.000" classname="com.testng.DependsOnMethodsDemo"/>
  <testcase name="cmain" time="0.000" classname="com.testng.DependsOnMethodsDemo"/>
</testsuite> <!-- com.testng.DependsOnMethodsDemo -->
