<?xml version="1.0" encoding="UTF-8"?>
<!-- Generated by org.testng.reporters.JUnitReportReporter -->
<testsuite skipped="0" hostname="DESKTOP-1KSBJRO" name="com.testng.DependsOnmethod" tests="3" failures="0" timestamp="02 Jun 2018 08:50:32 GMT" time="0.016" errors="0">
  <testcase name="gmain" time="0.004" classname="com.testng.DependsOnmethod"/>
  <testcase name="bmain" time="0.008" classname="com.testng.DependsOnmethod"/>
  <testcase name="amain" time="0.004" classname="com.testng.DependsOnmethod"/>
</testsuite> <!-- com.testng.DependsOnmethod -->
