<?xml version="1.0" encoding="UTF-8"?>
<!-- Generated by org.testng.reporters.JUnitReportReporter -->
<testsuite skipped="0" hostname="DESKTOP-1KSBJRO" name="com.AutomationTestNg.Facebook" tests="1" failures="0" timestamp="31 May 2018 06:37:36 GMT" time="0.020" errors="0">
  <testcase name="btest" time="0.020" classname="com.AutomationTestNg.Facebook"/>
</testsuite> <!-- com.AutomationTestNg.Facebook -->
