<?xml version="1.0" encoding="UTF-8"?>
<!-- Generated by org.testng.reporters.JUnitReportReporter -->
<testsuite skipped="1" hostname="DESKTOP-1KSBJRO" name="com.testng.TestOnePriori" tests="3" failures="0" timestamp="30 May 2018 17:44:30 GMT" time="121.799" errors="0">
  <testcase name="bmain" time="111.429" classname="com.testng.TestOnePriori"/>
  <testcase name="amain" time="10.370" classname="com.testng.TestOnePriori"/>
  <testcase name="gmain" classname="com.testng.TestOnePriori">
    <skipped/>
  </testcase> <!-- gmain -->
</testsuite> <!-- com.testng.TestOnePriori -->
