<?xml version="1.0" encoding="UTF-8"?>
<!-- Generated by org.testng.reporters.JUnitReportReporter -->
<testsuite skipped="0" hostname="DESKTOP-1KSBJRO" name="com.seleniumTestNg.Amazon" tests="1" failures="0" timestamp="31 May 2018 05:29:24 GMT" time="0.001" errors="0">
  <testcase name="amezon" time="0.001" classname="com.seleniumTestNg.Amazon"/>
</testsuite> <!-- com.seleniumTestNg.Amazon -->
