<?xml version="1.0" encoding="UTF-8"?>
<!-- Generated by org.testng.reporters.JUnitReportReporter -->
<testsuite skipped="0" hostname="DESKTOP-1KSBJRO" name="com.seleniumTestNg.Spicejet" tests="1" failures="0" timestamp="31 May 2018 05:29:24 GMT" time="0.016" errors="0">
  <testcase name="sPject" time="0.016" classname="com.seleniumTestNg.Spicejet"/>
</testsuite> <!-- com.seleniumTestNg.Spicejet -->
