<?xml version="1.0" encoding="UTF-8"?>
<!-- Generated by org.testng.reporters.JUnitReportReporter -->
<testsuite skipped="0" hostname="DESKTOP-1KSBJRO" name="HandlePopupTest" tests="1" failures="0" timestamp="23 May 2018 18:32:33 GMT" time="38.756" errors="0">
  <testcase name="test" time="38.756" classname="HandlePopupTest"/>
</testsuite> <!-- HandlePopupTest -->
