<?xml version="1.0" encoding="UTF-8"?>
<!-- Generated by org.testng.reporters.JUnitReportReporter -->
<testsuite skipped="0" hostname="DESKTOP-1KSBJRO" name="com.testng.InvocationCountTest" tests="10" failures="0" timestamp="30 May 2018 17:52:06 GMT" time="0.016" errors="0">
  <testcase name="f" time="0.000" classname="com.testng.InvocationCountTest"/>
  <testcase name="f" time="0.016" classname="com.testng.InvocationCountTest"/>
  <testcase name="f" time="0.000" classname="com.testng.InvocationCountTest"/>
  <testcase name="f" time="0.000" classname="com.testng.InvocationCountTest"/>
  <testcase name="f" time="0.000" classname="com.testng.InvocationCountTest"/>
  <testcase name="f" time="0.000" classname="com.testng.InvocationCountTest"/>
  <testcase name="f" time="0.000" classname="com.testng.InvocationCountTest"/>
  <testcase name="f" time="0.000" classname="com.testng.InvocationCountTest"/>
  <testcase name="f" time="0.000" classname="com.testng.InvocationCountTest"/>
  <testcase name="f" time="0.000" classname="com.testng.InvocationCountTest"/>
</testsuite> <!-- com.testng.InvocationCountTest -->
