<?xml version="1.0" encoding="UTF-8"?>
<!-- Generated by org.testng.reporters.JUnitReportReporter -->
<testsuite skipped="0" hostname="DESKTOP-1KSBJRO" name="com.AutomationTestNg.Gmail" tests="1" failures="0" timestamp="31 May 2018 05:29:24 GMT" time="0.000" errors="0">
  <testcase name="abc" time="0.000" classname="com.AutomationTestNg.Gmail"/>
</testsuite> <!-- com.AutomationTestNg.Gmail -->
