<?xml version="1.0" encoding="UTF-8"?>
<!-- Generated by org.testng.reporters.JUnitReportReporter -->
<testsuite skipped="0" hostname="DESKTOP-1KSBJRO" name="com.testng.SampleTest" tests="2" failures="0" timestamp="30 May 2018 16:47:11 GMT" time="0.016" errors="0">
  <testcase name="f1" time="0.016" classname="com.testng.SampleTest"/>
  <testcase name="f2" time="0.000" classname="com.testng.SampleTest"/>
</testsuite> <!-- com.testng.SampleTest -->
