<?xml version="1.0" encoding="UTF-8"?>
<!-- Generated by org.testng.reporters.JUnitReportReporter -->
<testsuite skipped="0" hostname="DESKTOP-1KSBJRO" name="com.AutomationTestNg.Flipkart" tests="3" failures="0" timestamp="31 May 2018 06:37:36 GMT" time="0.004" errors="0">
  <testcase name="dtest" time="0.000" classname="com.AutomationTestNg.Flipkart"/>
  <testcase name="gtest" time="0.004" classname="com.AutomationTestNg.Flipkart"/>
  <testcase name="mtest" time="0.000" classname="com.AutomationTestNg.Flipkart"/>
</testsuite> <!-- com.AutomationTestNg.Flipkart -->
