<?xml version="1.0" encoding="UTF-8"?>
<!-- Generated by org.testng.reporters.JUnitReportReporter -->
<testsuite skipped="0" hostname="DESKTOP-1KSBJRO" name="com.testng.TestNgDemo2" tests="1" failures="0" timestamp="30 May 2018 17:23:56 GMT" time="51.996" errors="0">
  <testcase name="f" time="51.996" classname="com.testng.TestNgDemo2"/>
</testsuite> <!-- com.testng.TestNgDemo2 -->
